<?xml version="1.0" encoding="UTF-8"?>
<testng-results skipped="0" failed="0" total="1" passed="1">
  <reporter-output>
  </reporter-output>
  <suite name="Edureka-Project" duration-ms="2923" started-at="2020-05-03T00:49:25Z" finished-at="2020-05-03T00:49:28Z">
    <groups>
    </groups>
    <test name="Test-chrome-Web" duration-ms="2923" started-at="2020-05-03T00:49:25Z" finished-at="2020-05-03T00:49:28Z">
      <class name="com.edureka.php.tests.PhpappTest">
        <test-method status="PASS" signature="verifyAboutusLink()[pri:0, instance:com.edureka.php.tests.PhpappTest@668bc3d5]" name="verifyAboutusLink" duration-ms="2910" started-at="2020-05-02T17:49:25Z" finished-at="2020-05-02T17:49:28Z">
          <reporter-output>
          </reporter-output>
        </test-method> <!-- verifyAboutusLink -->
      </class> <!-- com.edureka.php.tests.PhpappTest -->
    </test> <!-- Test-chrome-Web -->
  </suite> <!-- Edureka-Project -->
</testng-results>
